<?xml version="1.0" encoding="UTF-8"?>
<!-- Generated by org.testng.reporters.JUnitReportReporter -->
<testsuite hostname="CPC-sthot-WFR7W" failures="0" tests="2" name="parallellevelexecutions.ClassB" time="14.031" errors="0" timestamp="2024-10-03T16:27:57 IST" skipped="0">
  <testcase classname="parallellevelexecutions.ClassB" name="youtube" time="5.710"/>
  <testcase classname="parallellevelexecutions.ClassB" name="github" time="8.321"/>
</testsuite> <!-- parallellevelexecutions.ClassB -->
