<?xml version="1.0" encoding="UTF-8"?>
<!-- Generated by org.testng.reporters.JUnitReportReporter -->
<testsuite hostname="CPC-sthot-WFR7W" failures="0" tests="4" name="suiteclasslevelexecution.ClasssA" time="0.131" errors="0" timestamp="2024-09-30T10:16:50 IST" skipped="0">
  <testcase classname="suiteclasslevelexecution.ClasssA" name="four" time="0.071"/>
  <testcase classname="suiteclasslevelexecution.ClasssA" name="first" time="0.002"/>
  <testcase classname="suiteclasslevelexecution.ClasssA" name="second" time="0.001"/>
  <testcase classname="suiteclasslevelexecution.ClasssA" name="three" time="0.057"/>
</testsuite> <!-- suiteclasslevelexecution.ClasssA -->
