<?xml version="1.0" encoding="UTF-8"?>
<!-- Generated by org.testng.reporters.JUnitReportReporter -->
<testsuite hostname="CPC-sthot-WFR7W" failures="0" tests="2" name="parallellevelexecutions.ClasssA" time="7.849" errors="0" timestamp="2024-10-03T16:27:57 IST" skipped="0">
  <testcase classname="parallellevelexecutions.ClasssA" name="youtube" time="4.144"/>
  <testcase classname="parallellevelexecutions.ClasssA" name="github" time="3.705"/>
</testsuite> <!-- parallellevelexecutions.ClasssA -->
