<?xml version="1.0" encoding="UTF-8"?>
<!-- Generated by org.testng.reporters.JUnitReportReporter -->
<testsuite hostname="CPC-sthot-WFR7W" failures="0" tests="4" name="suiteclasslevelexecution.ClassB" time="0.015" errors="0" timestamp="2024-09-30T10:16:50 IST" skipped="0">
  <testcase classname="suiteclasslevelexecution.ClassB" name="second" time="0.003"/>
  <testcase classname="suiteclasslevelexecution.ClassB" name="first" time="0.004"/>
  <testcase classname="suiteclasslevelexecution.ClassB" name="four" time="0.003"/>
  <testcase classname="suiteclasslevelexecution.ClassB" name="three" time="0.005"/>
</testsuite> <!-- suiteclasslevelexecution.ClassB -->
