<?xml version="1.0" encoding="UTF-8"?>
<!-- Generated by org.testng.reporters.JUnitReportReporter -->
<testsuite hostname="CPC-sthot-WFR7W" failures="0" tests="4" name="suiteclasslevelexecution.ClassD" time="0.026" errors="0" timestamp="2024-09-30T10:16:50 IST" skipped="0">
  <testcase classname="suiteclasslevelexecution.ClassD" name="four" time="0.004"/>
  <testcase classname="suiteclasslevelexecution.ClassD" name="three" time="0.002"/>
  <testcase classname="suiteclasslevelexecution.ClassD" name="first" time="0.018"/>
  <testcase classname="suiteclasslevelexecution.ClassD" name="second" time="0.002"/>
</testsuite> <!-- suiteclasslevelexecution.ClassD -->
