<?xml version="1.0" encoding="UTF-8"?>
<!-- Generated by org.testng.reporters.JUnitReportReporter -->
<testsuite hostname="CPC-sthot-WFR7W" failures="0" tests="2" name="testingWorkingFlow.LaunchChromeDriver" time="0.017" errors="0" timestamp="2024-09-30T10:20:31 IST" skipped="0">
  <testcase classname="testingWorkingFlow.LaunchChromeDriver" name="Test1" time="0.009"/>
  <testcase classname="testingWorkingFlow.LaunchChromeDriver" name="Test2" time="0.008"/>
</testsuite> <!-- testingWorkingFlow.LaunchChromeDriver -->
