<?xml version="1.0" encoding="UTF-8"?>
<!-- Generated by org.testng.reporters.JUnitReportReporter -->
<testsuite hostname="CPC-sthot-WFR7W" failures="0" tests="4" name="suiteclasslevelexecution.ClassC" time="0.123" errors="0" timestamp="2024-09-30T10:16:50 IST" skipped="0">
  <testcase classname="suiteclasslevelexecution.ClassC" name="first" time="0.012"/>
  <testcase classname="suiteclasslevelexecution.ClassC" name="three" time="0.077"/>
  <testcase classname="suiteclasslevelexecution.ClassC" name="four" time="0.005"/>
  <testcase classname="suiteclasslevelexecution.ClassC" name="second" time="0.029"/>
</testsuite> <!-- suiteclasslevelexecution.ClassC -->
