<?xml version="1.0" encoding="UTF-8"?>
<!-- Generated by org.testng.reporters.JUnitReportReporter -->
<testsuite hostname="CPC-sthot-WFR7W" failures="0" tests="2" name="testingWorkingFlow.AnnotationsTestNG" time="0.023" errors="0" timestamp="2024-10-03T15:45:31 IST" skipped="0">
  <testcase classname="testingWorkingFlow.AnnotationsTestNG" name="Test1" time="0.016"/>
  <testcase classname="testingWorkingFlow.AnnotationsTestNG" name="Test2" time="0.007"/>
</testsuite> <!-- testingWorkingFlow.AnnotationsTestNG -->
